<?xml version="1.0" encoding="UTF-8"?>
<testsuite xmlns:xsi="http://www.w3.org/2001/XMLSchema-instance" xsi:noNamespaceSchemaLocation="https://maven.apache.org/surefire/maven-surefire-plugin/xsd/surefire-test-report-3.0.xsd" version="3.0" name="com.javatechie.AwsDemoApplicationTests" time="22.002" tests="1" errors="0" skipped="0" failures="0">
  <properties>
[...]
</properties>
  <testcase name="contextLoads" classname="com.javatechie.AwsDemoApplicationTests" time="6.577">
    <system-out><![CDATA[12:10:17.709 [main] INFO org.springframework.test.context.support.AnnotationConfigContextLoaderUtils -- Could not detect default configuration classes for test class [com.javatechie.AwsDemoApplicationTests]: AwsDemoApplicationTests does not declare any static, non-private, non-final, nested classes annotated with @Configuration.
12:10:18.143 [main] INFO org.springframework.boot.test.context.SpringBootTestContextBootstrapper -- Found @SpringBootConfiguration com.javatechie.CourseServiceApplication for test class com.javatechie.AwsDemoApplicationTests

  .   ____          _            __ _ _
 /\\ / ___'_ __ _ _(_)_ __  __ _ \ \ \ \
( ( )\___ | '_ | '_| | '_ \/ _` | \ \ \ \
 \\/  ___)| |_)| | | | | || (_| |  ) ) ) )
  '  |____| .__|_| |_|_| |_\__, | / / / /
 =========|_|==============|___/=/_/_/_/
 :: Spring Boot ::                (v3.2.5)

2024-09-28T12:10:19.915+05:30  INFO 16448 --- [course-service] [           main] com.javatechie.AwsDemoApplicationTests   : Starting AwsDemoApplicationTests using Java 23 with PID 16448 (started by Dell in C:\Users\Dell\Pictures\SpringPro)
2024-09-28T12:10:19.920+05:30  INFO 16448 --- [course-service] [           main] com.javatechie.AwsDemoApplicationTests   : No active profile set, falling back to 1 default profile: "default"
2024-09-28T12:10:32.423+05:30  INFO 16448 --- [course-service] [           main] com.javatechie.AwsDemoApplicationTests   : Started AwsDemoApplicationTests in 13.734 seconds (process running for 17.294)
]]></system-out>
    <system-err><![CDATA[WARNING: A Java agent has been loaded dynamically (C:\Users\Dell\.m2\repository\net\bytebuddy\byte-buddy-agent\1.14.13\byte-buddy-agent-1.14.13.jar)
WARNING: If a serviceability tool is in use, please run with -XX:+EnableDynamicAgentLoading to hide this warning
WARNING: If a serviceability tool is not in use, please run with -Djdk.instrument.traceUsage for more information
WARNING: Dynamic loading of agents will be disallowed by default in a future release
]]></system-err>
  </testcase>
</testsuite>